<?xml version="1.0" encoding="UTF-8"?>
<!-- Generated by org.testng.reporters.JUnitReportReporter -->
<testsuite hostname="DESKTOP-KV35ATA" failures="0" tests="4" name="Test_1.Test_D_3" time="29.003" errors="0" timestamp="2022-08-13T08:31:50 IST" skipped="0">
  <testcase classname="Test_1.Test_D_3" name="test3" time="10.617"/>
  <system-out/>
  <testcase classname="Test_1.Test_D_3" name="test1" time="6.863"/>
  <system-out/>
  <testcase classname="Test_1.Test_D_3" name="test2" time="4.599"/>
  <system-out/>
  <testcase classname="Test_1.Test_D_3" name="test4" time="6.924"/>
  <system-out/>
</testsuite> <!-- Test_1.Test_D_3 -->
