<?xml version="1.0" encoding="UTF-8"?>
<!-- Generated by org.testng.reporters.JUnitReportReporter -->
<testsuite hostname="DESKTOP-KV35ATA" failures="0" tests="1" name="Test_2.Test_D_4" time="38.034" errors="0" timestamp="2022-08-17T09:52:39 IST" skipped="0">
  <testcase classname="Test_2.Test_D_4" name="Verify_test1" time="38.034"/>
  <system-out/>
</testsuite> <!-- Test_2.Test_D_4 -->
