<?xml version="1.0" encoding="UTF-8"?>
<!-- Generated by org.testng.reporters.JUnitReportReporter -->
<testsuite hostname="DESKTOP-KV35ATA" failures="0" tests="1" name="Test_1.Test_D_2" time="0.007" errors="0" timestamp="2022-08-13T08:31:50 IST" skipped="0">
  <testcase classname="Test_1.Test_D_2" name="Test_1" time="0.007"/>
  <system-out/>
</testsuite> <!-- Test_1.Test_D_2 -->
