<?xml version="1.0" encoding="UTF-8"?>
<!-- Generated by org.testng.reporters.JUnitReportReporter -->
<testsuite hostname="DESKTOP-KV35ATA" failures="0" tests="1" name="Test_P.Test_3" time="46.698" errors="0" timestamp="2022-08-17T15:17:50 IST" skipped="0">
  <testcase classname="Test_P.Test_3" name="Test_A" time="46.698"/>
  <system-out/>
</testsuite> <!-- Test_P.Test_3 -->
