<?xml version="1.0" encoding="UTF-8"?>
<!-- Generated by org.testng.reporters.JUnitReportReporter -->
<testsuite hostname="DESKTOP-KV35ATA" failures="0" tests="3" name="Test_1.Test_D_1" time="0.022" errors="0" timestamp="2022-08-13T08:31:50 IST" skipped="0">
  <testcase classname="Test_1.Test_D_1" name="test_tc_001_a" time="0.014"/>
  <system-out/>
  <testcase classname="Test_1.Test_D_1" name="test_tc_002_b" time="0.004"/>
  <system-out/>
  <testcase classname="Test_1.Test_D_1" name="test_tc_003_c" time="0.004"/>
  <system-out/>
</testsuite> <!-- Test_1.Test_D_1 -->
