<?xml version="1.0" encoding="UTF-8"?>
<!-- Generated by org.testng.reporters.JUnitReportReporter -->
<testsuite hostname="DESKTOP-KV35ATA" failures="0" tests="4" name="Test_1.Test_D_7" time="0.012" errors="0" timestamp="2022-08-13T10:14:09 IST" skipped="1">
  <testcase classname="Test_1.Test_D_7" name="A" time="0.005"/>
  <system-out/>
  <testcase classname="Test_1.Test_D_7" name="C" time="0.004"/>
  <system-out/>
  <testcase classname="Test_1.Test_D_7" name="D" time="0.003"/>
  <system-out/>
  <testcase classname="Test_1.Test_D_7" name="B">
    <skipped/>
  </testcase> <!-- B -->
  <system-out/>
</testsuite> <!-- Test_1.Test_D_7 -->
