<?xml version="1.0" encoding="UTF-8"?>
<!-- Generated by org.testng.reporters.JUnitReportReporter -->
<testsuite hostname="DESKTOP-KV35ATA" failures="0" tests="4" name="Test_1.Test_D_9" time="0.035" errors="0" timestamp="2022-08-14T22:40:30 IST" skipped="0">
  <testcase classname="Test_1.Test_D_9" name="Test_D" time="0.003"/>
  <system-out/>
  <testcase classname="Test_1.Test_D_9" name="Test_A" time="0.026"/>
  <system-out/>
  <testcase classname="Test_1.Test_D_9" name="Test_C" time="0.003"/>
  <system-out/>
  <testcase classname="Test_1.Test_D_9" name="Test_B" time="0.003"/>
  <system-out/>
</testsuite> <!-- Test_1.Test_D_9 -->
