<?xml version="1.0" encoding="UTF-8"?>
<!-- Generated by org.testng.reporters.JUnitReportReporter -->
<testsuite hostname="DESKTOP-KV35ATA" failures="0" tests="4" name="Test_2.Test_D_1" time="44.182" errors="0" timestamp="2022-08-15T13:42:32 IST" skipped="0">
  <testcase classname="Test_2.Test_D_1" name="Test2" time="10.211"/>
  <system-out/>
  <testcase classname="Test_2.Test_D_1" name="Test1" time="10.699"/>
  <system-out/>
  <testcase classname="Test_2.Test_D_1" name="Test3" time="9.770"/>
  <system-out/>
  <testcase classname="Test_2.Test_D_1" name="Test2" time="13.502"/>
  <system-out/>
</testsuite> <!-- Test_2.Test_D_1 -->
