<?xml version="1.0" encoding="UTF-8"?>
<!-- Generated by org.testng.reporters.JUnitReportReporter -->
<testsuite hostname="DESKTOP-KV35ATA" failures="0" tests="2" name="Test_2.Test_D_2" time="0.043" errors="0" timestamp="2022-08-15T21:12:35 IST" skipped="0">
  <testcase classname="Test_2.Test_D_2" name="Test_2" time="0.030"/>
  <system-out/>
  <testcase classname="Test_2.Test_D_2" name="verify_test_1" time="0.013"/>
  <system-out/>
</testsuite> <!-- Test_2.Test_D_2 -->
