<?xml version="1.0" encoding="UTF-8"?>
<!-- Generated by org.testng.reporters.JUnitReportReporter -->
<testsuite hostname="DESKTOP-KV35ATA" failures="0" tests="3" name="Test_1.Test_D_5" time="0.040" errors="0" timestamp="2022-08-13T10:14:09 IST" skipped="0">
  <testcase classname="Test_1.Test_D_5" name="B" time="0.006"/>
  <system-out/>
  <testcase classname="Test_1.Test_D_5" name="A" time="0.029"/>
  <system-out/>
  <testcase classname="Test_1.Test_D_5" name="C" time="0.005"/>
  <system-out/>
</testsuite> <!-- Test_1.Test_D_5 -->
